11:47:18 **** Incremental Build of configuration Debug for project CSC217.HansrajD.lab3 ****
make all 
Building file: ../main.c
Invoking: Cygwin C Compiler
gcc -O0 -g3 -Wall -c -fmessage-length=0 -MMD -MP -MF"main.d" -MT"main.o" -o "main.o" "../main.c"
../main.c: In function 'main':
../main.c:18:18: warning: implicit declaration of function 'isnumeric' [-Wimplicit-function-declaration]
  if(argc == 3 && isnumeric(argv[1]) == true && isnumeric(argv[2]) == true) {
                  ^
../main.c:19:12: warning: implicit declaration of function 'parseint' [-Wimplicit-function-declaration]
   numOne = parseint(argv[1]);
            ^
../main.c:14:7: warning: variable 'run' set but not used [-Wunused-but-set-variable]
  bool run = true;
       ^
Finished building: ../main.c
 
Building target: CSC217.HansrajD.lab3.exe
Invoking: Cygwin C Linker
gcc  -o "CSC217.HansrajD.lab3.exe"  ./lab3.o ./main.o   
Finished building target: CSC217.HansrajD.lab3.exe
 

11:47:19 Build Finished (took 1s.130ms)

